# JRE version: Java(TM) SE Runtime Environment (8.0_05-b13) (build 1.8.0_05-b13)
# Java VM: Java HotSpot(TM) 64-Bit Server VM (25.5-b02 mixed mode windows-amd64 compressed oops)
Heap:
 PSYoungGen      total 13824K, used 10589K [0x00000000eb100000, 0x00000000ec300000, 0x0000000100000000)
  eden space 12800K, 75% used [0x00000000eb100000,0x00000000eba74a38,0x00000000ebd80000)
  from space 1024K, 88% used [0x00000000ebd80000,0x00000000ebe62a18,0x00000000ebe80000)
  to   space 1024K, 0% used [0x00000000ec200000,0x00000000ec200000,0x00000000ec300000)
 ParOldGen       total 64000K, used 58599K [0x00000000c1200000, 0x00000000c5080000, 0x00000000eb100000)
  object space 64000K, 91% used [0x00000000c1200000,0x00000000c4b39dc0,0x00000000c5080000)
 Metaspace       used 16580K, capacity 16862K, committed 17280K, reserved 1064960K
  class space    used 2046K, capacity 2125K, committed 2176K, reserved 1048576K
GC Heap History (10 events):
Event: 7.340 GC heap before
{Heap before GC invocations=31 (full 0):
 PSYoungGen      total 8704K, used 7712K [0x00000000eb100000, 0x00000000eba80000, 0x0000000100000000)
  eden space 7680K, 100% used [0x00000000eb100000,0x00000000eb880000,0x00000000eb880000)
  from space 1024K, 3% used [0x00000000eb980000,0x00000000eb988000,0x00000000eba80000)
  to   space 1024K, 0% used [0x00000000eb880000,0x00000000eb880000,0x00000000eb980000)
 ParOldGen       total 64000K, used 55906K [0x00000000c1200000, 0x00000000c5080000, 0x00000000eb100000)
  object space 64000K, 87% used [0x00000000c1200000,0x00000000c4898b58,0x00000000c5080000)
 Metaspace       used 13904K, capacity 14150K, committed 14464K, reserved 1062912K
  class space    used 1727K, capacity 1799K, committed 1920K, reserved 1048576K
Event: 7.352 GC heap after
Heap after GC invocations=31 (full 0):
 PSYoungGen      total 8704K, used 96K [0x00000000eb100000, 0x00000000ebd00000, 0x0000000100000000)
  eden space 7680K, 0% used [0x00000000eb100000,0x00000000eb100000,0x00000000eb880000)
  from space 1024K, 9% used [0x00000000eb880000,0x00000000eb898000,0x00000000eb980000)
  to   space 1024K, 0% used [0x00000000ebc00000,0x00000000ebc00000,0x00000000ebd00000)
 ParOldGen       total 64000K, used 55914K [0x00000000c1200000, 0x00000000c5080000, 0x00000000eb100000)
  object space 64000K, 87% used [0x00000000c1200000,0x00000000c489ab58,0x00000000c5080000)
 Metaspace       used 13904K, capacity 14150K, committed 14464K, reserved 1062912K
  class space    used 1727K, capacity 1799K, committed 1920K, reserved 1048576K
}
Event: 7.427 GC heap before
{Heap before GC invocations=32 (full 0):
 PSYoungGen      total 8704K, used 7775K [0x00000000eb100000, 0x00000000ebd00000, 0x0000000100000000)
  eden space 7680K, 99% used [0x00000000eb100000,0x00000000eb87feb8,0x00000000eb880000)
  from space 1024K, 9% used [0x00000000eb880000,0x00000000eb898000,0x00000000eb980000)
  to   space 1024K, 0% used [0x00000000ebc00000,0x00000000ebc00000,0x00000000ebd00000)
 ParOldGen       total 64000K, used 55914K [0x00000000c1200000, 0x00000000c5080000, 0x00000000eb100000)
  object space 64000K, 87% used [0x00000000c1200000,0x00000000c489ab58,0x00000000c5080000)
 Metaspace       used 13904K, capacity 14150K, committed 14464K, reserved 1062912K
  class space    used 1727K, capacity 1799K, committed 1920K, reserved 1048576K
Event: 7.428 GC heap after
Heap after GC invocations=32 (full 0):
 PSYoungGen      total 11264K, used 32K [0x00000000eb100000, 0x00000000ebd00000, 0x0000000100000000)
  eden space 10240K, 0% used [0x00000000eb100000,0x00000000eb100000,0x00000000ebb00000)
  from space 1024K, 3% used [0x00000000ebc00000,0x00000000ebc08000,0x00000000ebd00000)
  to   space 1024K, 0% used [0x00000000ebb00000,0x00000000ebb00000,0x00000000ebc00000)
 ParOldGen       total 64000K, used 55985K [0x00000000c1200000, 0x00000000c5080000, 0x00000000eb100000)
  object space 64000K, 87% used [0x00000000c1200000,0x00000000c48ac520,0x00000000c5080000)
 Metaspace       used 13904K, capacity 14150K, committed 14464K, reserved 1062912K
  class space    used 1727K, capacity 1799K, committed 1920K, reserved 1048576K
}
Event: 8.272 GC heap before
{Heap before GC invocations=33 (full 0):
 PSYoungGen      total 11264K, used 10243K [0x00000000eb100000, 0x00000000ebd00000, 0x0000000100000000)
  eden space 10240K, 99% used [0x00000000eb100000,0x00000000ebaf8f50,0x00000000ebb00000)
  from space 1024K, 3% used [0x00000000ebc00000,0x00000000ebc08000,0x00000000ebd00000)
  to   space 1024K, 0% used [0x00000000ebb00000,0x00000000ebb00000,0x00000000ebc00000)
 ParOldGen       total 64000K, used 55985K [0x00000000c1200000, 0x00000000c5080000, 0x00000000eb100000)
  object space 64000K, 87% used [0x00000000c1200000,0x00000000c48ac520,0x00000000c5080000)
 Metaspace       used 14216K, capacity 14502K, committed 14720K, reserved 1062912K
  class space    used 1763K, capacity 1831K, committed 1920K, reserved 1048576K
Event: 8.273 GC heap after
Heap after GC invocations=33 (full 0):
 PSYoungGen      total 11264K, used 128K [0x00000000eb100000, 0x00000000ebf80000, 0x0000000100000000)
  eden space 10240K, 0% used [0x00000000eb100000,0x00000000eb100000,0x00000000ebb00000)
  from space 1024K, 12% used [0x00000000ebb00000,0x00000000ebb20000,0x00000000ebc00000)
  to   space 1024K, 0% used [0x00000000ebe80000,0x00000000ebe80000,0x00000000ebf80000)
 ParOldGen       total 64000K, used 55985K [0x00000000c1200000, 0x00000000c5080000, 0x00000000eb100000)
  object space 64000K, 87% used [0x00000000c1200000,0x00000000c48ac520,0x00000000c5080000)
 Metaspace       used 14216K, capacity 14502K, committed 14720K, reserved 1062912K
  class space    used 1763K, capacity 1831K, committed 1920K, reserved 1048576K
}
Event: 9.838 GC heap before
{Heap before GC invocations=34 (full 0):
 PSYoungGen      total 11264K, used 10368K [0x00000000eb100000, 0x00000000ebf80000, 0x0000000100000000)
  eden space 10240K, 100% used [0x00000000eb100000,0x00000000ebb00000,0x00000000ebb00000)
  from space 1024K, 12% used [0x00000000ebb00000,0x00000000ebb20000,0x00000000ebc00000)
  to   space 1024K, 0% used [0x00000000ebe80000,0x00000000ebe80000,0x00000000ebf80000)
 ParOldGen       total 64000K, used 55985K [0x00000000c1200000, 0x00000000c5080000, 0x00000000eb100000)
  object space 64000K, 87% used [0x00000000c1200000,0x00000000c48ac520,0x00000000c5080000)
 Metaspace       used 15308K, capacity 15628K, committed 15872K, reserved 1062912K
  class space    used 1887K, capacity 1992K, committed 2048K, reserved 1048576K
Event: 9.840 GC heap after
Heap after GC invocations=34 (full 0):
 PSYoungGen      total 13824K, used 320K [0x00000000eb100000, 0x00000000ebf80000, 0x0000000100000000)
  eden space 12800K, 0% used [0x00000000eb100000,0x00000000eb100000,0x00000000ebd80000)
  from space 1024K, 31% used [0x00000000ebe80000,0x00000000ebed0000,0x00000000ebf80000)
  to   space 1024K, 0% used [0x00000000ebd80000,0x00000000ebd80000,0x00000000ebe80000)
 ParOldGen       total 64000K, used 56033K [0x00000000c1200000, 0x00000000c5080000, 0x00000000eb100000)
  object space 64000K, 87% used [0x00000000c1200000,0x00000000c48b8530,0x00000000c5080000)
 Metaspace       used 15308K, capacity 15628K, committed 15872K, reserved 1062912K
  class space    used 1887K, capacity 1992K, committed 2048K, reserved 1048576K
}
Event: 11.524 GC heap before
{Heap before GC invocations=35 (full 0):
 PSYoungGen      total 13824K, used 13120K [0x00000000eb100000, 0x00000000ebf80000, 0x0000000100000000)
  eden space 12800K, 100% used [0x00000000eb100000,0x00000000ebd80000,0x00000000ebd80000)
  from space 1024K, 31% used [0x00000000ebe80000,0x00000000ebed0000,0x00000000ebf80000)
  to   space 1024K, 0% used [0x00000000ebd80000,0x00000000ebd80000,0x00000000ebe80000)
 ParOldGen       total 64000K, used 56033K [0x00000000c1200000, 0x00000000c5080000, 0x00000000eb100000)
  object space 64000K, 87% used [0x00000000c1200000,0x00000000c48b8530,0x00000000c5080000)
 Metaspace       used 16433K, capacity 16734K, committed 17024K, reserved 1064960K
  class space    used 2039K, capacity 2125K, committed 2176K, reserved 1048576K
Event: 11.531 GC heap after
Heap after GC invocations=35 (full 0):
 PSYoungGen      total 13824K, used 906K [0x00000000eb100000, 0x00000000ec300000, 0x0000000100000000)
  eden space 12800K, 0% used [0x00000000eb100000,0x00000000eb100000,0x00000000ebd80000)
  from space 1024K, 88% used [0x00000000ebd80000,0x00000000ebe62a18,0x00000000ebe80000)
  to   space 1024K, 0% used [0x00000000ec200000,0x00000000ec200000,0x00000000ec300000)
 ParOldGen       total 64000K, used 58599K [0x00000000c1200000, 0x00000000c5080000, 0x00000000eb100000)
  object space 64000K, 91% used [0x00000000c1200000,0x00000000c4b39dc0,0x00000000c5080000)
 Metaspace       used 16433K, capacity 16734K, committed 17024K, reserved 1064960K
  class space    used 2039K, capacity 2125K, committed 2176K, reserved 1048576K
}

